<?xml version="1.0" encoding="UTF-8"?>
<Site BuildName="Linux-clang++"
	BuildStamp="20230202-0019-Experimental"
	Name="deciet"
	Generator="ctest-3.25.2"
	CompilerName="/usr/bin/clang++"
	CompilerVersion="15.0.7"
	OSName="Linux"
	Hostname="deciet"
	OSRelease="6.1.1-1-MANJARO"
	OSVersion="#1 SMP PREEMPT_DYNAMIC Wed Dec 21 23:21:50 UTC 2022"
	OSPlatform="x86_64"
	Is64Bits="1"
	VendorString="GenuineIntel"
	VendorID="Intel Corporation"
	FamilyID="6"
	ModelID="94"
	ProcessorCacheSize="6144"
	NumberOfLogicalCPU="4"
	NumberOfPhysicalCPU="4"
	TotalVirtualMemory="12188"
	TotalPhysicalMemory="15939"
	LogicalProcessorsPerPhysical="1"
	ProcessorClockFrequency="4099.99"
	>
	<Testing>
		<StartDateTime>Feb 02 00:19 GMT</StartDateTime>
		<StartTestTime>1675297179</StartTestTime>
		<TestList/>
		<EndDateTime>Feb 02 00:19 GMT</EndDateTime>
		<EndTestTime>1675297179</EndTestTime>
		<ElapsedMinutes>0</ElapsedMinutes>
	</Testing>
</Site>
